2020-04-10 23:24:33,344 [main] INFO shop.demoqa.com - ****** Chrome browser setting up for you *******
2020-04-10 23:24:39,697 [main] INFO shop.demoqa.com - *******************Browser Initialization*******************
2020-04-10 23:24:39,712 [main] INFO shop.demoqa.com - ******************* Launch Browser and Navigate to URL *******************
2020-04-10 23:24:45,788 [main] INFO shop.demoqa.com - ******************* Go to the MyAccount page *******************
2020-04-10 23:24:57,265 [main] INFO shop.demoqa.com - ******************* closing browser *******************
2020-04-10 23:24:57,296 [main] INFO shop.demoqa.com - ****** Chrome browser setting up for you *******
2020-04-10 23:25:02,734 [main] INFO shop.demoqa.com - *******************Browser Initialization*******************
2020-04-10 23:25:02,757 [main] INFO shop.demoqa.com - ******************* Launch Browser and Navigate to URL *******************
2020-04-10 23:25:08,443 [main] INFO shop.demoqa.com - ******************* Go to the MyAccount page *******************
2020-04-10 23:50:52,892 [main] INFO shop.demoqa.com - ****** Chrome browser setting up for you *******
2020-04-10 23:50:59,237 [main] INFO shop.demoqa.com - *******************Browser Initialization*******************
2020-04-10 23:50:59,254 [main] INFO shop.demoqa.com - ******************* Launch Browser and Navigate to URL *******************
2020-04-10 23:51:05,060 [main] INFO shop.demoqa.com - ******************* Go to the MyAccount page *******************
2020-04-10 23:51:10,092 [main] INFO shop.demoqa.com - ******************* Entering User Name *******************
2020-04-10 23:51:12,749 [main] INFO shop.demoqa.com - ******************* Entering Password *******************
2020-04-10 23:51:12,891 [main] INFO shop.demoqa.com - ******************* Click on Login Button *******************
2020-04-10 23:51:12,981 [main] INFO shop.demoqa.com - ******************* verifying login successfully *******************
2020-04-10 23:51:17,751 [main] INFO shop.demoqa.com - ******************* closing browser *******************
2020-04-10 23:51:17,785 [main] INFO shop.demoqa.com - ****** Chrome browser setting up for you *******
2020-04-10 23:51:23,836 [main] INFO shop.demoqa.com - *******************Browser Initialization*******************
2020-04-10 23:51:23,848 [main] INFO shop.demoqa.com - ******************* Launch Browser and Navigate to URL *******************
2020-04-10 23:51:28,025 [main] INFO shop.demoqa.com - ******************* Go to the MyAccount page *******************
2020-04-10 23:51:37,570 [main] INFO shop.demoqa.com - ******************* Entering User Name *******************
2020-04-10 23:51:41,744 [main] INFO shop.demoqa.com - ******************* Entering Password *******************
2020-04-10 23:51:41,890 [main] INFO shop.demoqa.com - ******************* Click on Login Button *******************
2020-04-10 23:51:41,957 [main] INFO shop.demoqa.com - ******************* verifying login successfully *******************
2020-04-10 23:51:45,646 [main] INFO shop.demoqa.com - ******************* Go To Dashboard Menu *******************
2020-04-10 23:51:45,850 [main] INFO shop.demoqa.com - ******************* Go To Order Menu *******************
2020-04-10 23:51:49,071 [main] INFO shop.demoqa.com - ******************* Go To Addresses Menu *******************
2020-04-10 23:51:53,247 [main] INFO shop.demoqa.com - ******************* Go To Account detail Menu *******************
2020-04-10 23:51:56,711 [main] INFO shop.demoqa.com - ******************* Go To Downloads Menu *******************
2020-04-10 23:51:58,244 [main] INFO shop.demoqa.com - ******************* Logout from Application *******************
2020-04-10 23:52:03,540 [main] INFO shop.demoqa.com - ******************* closing browser *******************
2020-04-11 00:15:33,859 [main] INFO shop.demoqa.com - ****** Chrome browser setting up for you *******
2020-04-11 00:15:40,317 [main] INFO shop.demoqa.com - *******************Browser Initialization*******************
2020-04-11 00:15:40,335 [main] INFO shop.demoqa.com - ******************* Launch Browser and Navigate to URL *******************
2020-04-11 00:15:45,673 [main] INFO shop.demoqa.com - ******************* Go to the MyAccount page *******************
2020-04-11 00:15:56,083 [main] INFO shop.demoqa.com - ******************* Entering User Name *******************
2020-04-11 00:15:59,480 [main] INFO shop.demoqa.com - ******************* Entering Password *******************
2020-04-11 00:15:59,634 [main] INFO shop.demoqa.com - ******************* Click on Login Button *******************
2020-04-11 00:15:59,717 [main] INFO shop.demoqa.com - ******************* verifying login successfully *******************
2020-04-11 00:16:02,212 [main] INFO shop.demoqa.com - ******************* closing browser *******************
2020-04-11 00:16:02,246 [main] INFO shop.demoqa.com - ****** Chrome browser setting up for you *******
2020-04-11 00:16:07,562 [main] INFO shop.demoqa.com - *******************Browser Initialization*******************
2020-04-11 00:16:07,570 [main] INFO shop.demoqa.com - ******************* Launch Browser and Navigate to URL *******************
2020-04-11 00:16:13,054 [main] INFO shop.demoqa.com - ******************* Go to the MyAccount page *******************
2020-04-11 00:16:18,934 [main] INFO shop.demoqa.com - ******************* Entering User Name *******************
2020-04-11 00:16:21,566 [main] INFO shop.demoqa.com - ******************* Entering Password *******************
2020-04-11 00:16:21,703 [main] INFO shop.demoqa.com - ******************* Click on Login Button *******************
2020-04-11 00:16:21,786 [main] INFO shop.demoqa.com - ******************* verifying login successfully *******************
2020-04-11 00:16:23,567 [main] INFO shop.demoqa.com - ******************* Go To Dashboard Menu *******************
2020-04-11 00:16:23,782 [main] INFO shop.demoqa.com - ******************* Go To Order Menu *******************
2020-04-11 00:16:26,170 [main] INFO shop.demoqa.com - ******************* Go To Addresses Menu *******************
2020-04-11 00:16:30,175 [main] INFO shop.demoqa.com - ******************* closing browser *******************
2020-04-11 00:47:43,308 [main] INFO shop.demoqa.com - ****** Chrome browser setting up for you *******
2020-04-11 00:47:50,365 [main] INFO shop.demoqa.com - *******************Browser Initialization*******************
2020-04-11 00:47:50,383 [main] INFO shop.demoqa.com - ******************* Launch Browser and Navigate to URL *******************
2020-04-11 00:47:57,451 [main] INFO shop.demoqa.com - ******************* Go to the MyAccount page *******************
2020-04-11 00:48:16,435 [main] INFO shop.demoqa.com - ******************* Entering User Name *******************
2020-04-11 00:48:24,284 [main] INFO shop.demoqa.com - ******************* Entering Password *******************
2020-04-11 00:48:24,433 [main] INFO shop.demoqa.com - ******************* Click on Login Button *******************
2020-04-11 00:48:24,512 [main] INFO shop.demoqa.com - ******************* verifying login successfully *******************
2020-04-11 00:48:30,372 [main] INFO shop.demoqa.com - ******************* closing browser *******************
2020-04-11 01:02:13,216 [main] INFO shop.demoqa.com - ****** Chrome browser setting up for you *******
2020-04-11 01:02:19,560 [main] INFO shop.demoqa.com - *******************Browser Initialization*******************
2020-04-11 01:02:19,575 [main] INFO shop.demoqa.com - ******************* Launch Browser and Navigate to URL *******************
2020-04-11 01:02:25,086 [main] INFO shop.demoqa.com - ******************* Go to the MyAccount page *******************
2020-04-11 01:02:30,438 [main] INFO shop.demoqa.com - ******************* Entering User Name *******************
2020-04-11 01:02:33,158 [main] INFO shop.demoqa.com - ******************* Entering Password *******************
2020-04-11 01:02:33,308 [main] INFO shop.demoqa.com - ******************* Click on Login Button *******************
2020-04-11 01:02:33,391 [main] INFO shop.demoqa.com - ******************* verifying login successfully *******************
2020-04-11 01:02:36,700 [main] INFO shop.demoqa.com - ******************* closing browser *******************
2020-04-11 01:02:36,732 [main] INFO shop.demoqa.com - ****** Chrome browser setting up for you *******
2020-04-11 01:02:41,968 [main] INFO shop.demoqa.com - *******************Browser Initialization*******************
2020-04-11 01:02:41,982 [main] INFO shop.demoqa.com - ******************* Launch Browser and Navigate to URL *******************
2020-04-11 01:02:47,623 [main] INFO shop.demoqa.com - ******************* Go to the MyAccount page *******************
2020-04-11 01:02:53,590 [main] INFO shop.demoqa.com - ******************* Entering User Name *******************
2020-04-11 01:02:57,344 [main] INFO shop.demoqa.com - ******************* Entering Password *******************
2020-04-11 01:02:57,487 [main] INFO shop.demoqa.com - ******************* Click on Login Button *******************
2020-04-11 01:02:57,560 [main] INFO shop.demoqa.com - ******************* Verifying User unable to login and getting error message *******************
2020-04-11 01:02:59,911 [main] INFO shop.demoqa.com - ******************* closing browser *******************
2020-04-11 01:02:59,939 [main] INFO shop.demoqa.com - ****** Chrome browser setting up for you *******
2020-04-11 01:03:05,254 [main] INFO shop.demoqa.com - *******************Browser Initialization*******************
2020-04-11 01:03:05,261 [main] INFO shop.demoqa.com - ******************* Launch Browser and Navigate to URL *******************
2020-04-11 01:03:10,997 [main] INFO shop.demoqa.com - ******************* Go to the MyAccount page *******************
2020-04-11 01:03:18,425 [main] INFO shop.demoqa.com - ******************* Entering User Name *******************
2020-04-11 01:03:21,380 [main] INFO shop.demoqa.com - ******************* Entering Password *******************
2020-04-11 01:03:21,521 [main] INFO shop.demoqa.com - ******************* Click on Login Button *******************
2020-04-11 01:03:21,597 [main] INFO shop.demoqa.com - ******************* Verifying User unable to login and getting error message *******************
2020-04-11 01:03:24,087 [main] INFO shop.demoqa.com - ******************* closing browser *******************
2020-04-11 01:03:24,107 [main] INFO shop.demoqa.com - ****** Chrome browser setting up for you *******
2020-04-11 01:03:29,344 [main] INFO shop.demoqa.com - *******************Browser Initialization*******************
2020-04-11 01:03:29,350 [main] INFO shop.demoqa.com - ******************* Launch Browser and Navigate to URL *******************
2020-04-11 01:03:35,510 [main] INFO shop.demoqa.com - ******************* Go to the MyAccount page *******************
2020-04-11 01:03:42,115 [main] INFO shop.demoqa.com - ******************* Entering User Name *******************
2020-04-11 01:03:44,556 [main] INFO shop.demoqa.com - ******************* Entering Password *******************
2020-04-11 01:03:44,709 [main] INFO shop.demoqa.com - ******************* Click on Login Button *******************
2020-04-11 01:03:44,787 [main] INFO shop.demoqa.com - ******************* Verifying User unable to login and getting error message *******************
2020-04-11 01:03:47,300 [main] INFO shop.demoqa.com - ******************* closing browser *******************
2020-04-11 01:03:47,321 [main] INFO shop.demoqa.com - ****** Chrome browser setting up for you *******
2020-04-11 01:03:52,640 [main] INFO shop.demoqa.com - *******************Browser Initialization*******************
2020-04-11 01:03:52,658 [main] INFO shop.demoqa.com - ******************* Launch Browser and Navigate to URL *******************
2020-04-11 01:03:56,827 [main] INFO shop.demoqa.com - ******************* Go to the MyAccount page *******************
2020-04-11 01:04:03,417 [main] INFO shop.demoqa.com - ******************* Entering User Name *******************
2020-04-11 01:04:06,469 [main] INFO shop.demoqa.com - ******************* Entering Password *******************
2020-04-11 01:04:06,602 [main] INFO shop.demoqa.com - ******************* Click on Login Button *******************
2020-04-11 01:04:06,689 [main] INFO shop.demoqa.com - ******************* Verifying User unable to login and getting error message *******************
2020-04-11 01:04:08,592 [main] INFO shop.demoqa.com - ******************* closing browser *******************
2020-04-11 01:49:12,848 [main] INFO shop.demoqa.com - ****** Chrome browser setting up for you *******
2020-04-11 01:49:29,128 [main] INFO shop.demoqa.com - ****** Chrome browser setting up for you *******
2020-04-11 01:49:35,479 [main] INFO shop.demoqa.com - *******************Browser Initialization*******************
2020-04-11 01:49:35,525 [main] INFO shop.demoqa.com - ******************* Launch Browser and Navigate to URL *******************
2020-04-11 01:49:40,840 [main] INFO shop.demoqa.com - ******************* Go to the MyAccount page *******************
2020-04-11 01:49:45,013 [main] INFO shop.demoqa.com - ******************* Entering New User Name *******************
2020-04-11 01:49:46,901 [main] INFO shop.demoqa.com - ******************* Entering New Email ID *******************
2020-04-11 01:49:47,164 [main] INFO shop.demoqa.com - ******************* Entering New Password *******************
2020-04-11 01:49:47,371 [main] INFO shop.demoqa.com - ******************* Click on Register Button *******************
2020-04-11 01:49:47,630 [main] INFO shop.demoqa.com - ******************* Verify User Already Registered and getting error message *******************
2020-04-11 01:49:49,730 [main] INFO shop.demoqa.com - ******************* closing browser *******************
2020-04-11 01:51:14,563 [main] INFO shop.demoqa.com - ****** Chrome browser setting up for you *******
2020-04-11 01:51:21,115 [main] INFO shop.demoqa.com - *******************Browser Initialization*******************
2020-04-11 01:51:21,176 [main] INFO shop.demoqa.com - ******************* Launch Browser and Navigate to URL *******************
2020-04-11 01:51:26,495 [main] INFO shop.demoqa.com - ******************* Go to the MyAccount page *******************
2020-04-11 01:51:29,531 [main] INFO shop.demoqa.com - ******************* Entering New User Name *******************
2020-04-11 01:51:31,128 [main] INFO shop.demoqa.com - ******************* Entering New Email ID *******************
2020-04-11 01:51:31,364 [main] INFO shop.demoqa.com - ******************* Entering New Password *******************
2020-04-11 01:51:31,550 [main] INFO shop.demoqa.com - ******************* Click on Register Button *******************
2020-04-11 01:51:31,796 [main] INFO shop.demoqa.com - ******************* Verify User Already Registered and getting error message *******************
2020-04-11 01:51:34,270 [main] INFO shop.demoqa.com - ******************* closing browser *******************
2020-04-11 02:01:33,015 [main] INFO shop.demoqa.com - ****** Chrome browser setting up for you *******
2020-04-11 02:01:39,477 [main] INFO shop.demoqa.com - *******************Browser Initialization*******************
2020-04-11 02:01:39,535 [main] INFO shop.demoqa.com - ******************* Launch Browser and Navigate to URL *******************
2020-04-11 02:01:45,008 [main] INFO shop.demoqa.com - ******************* Go to the MyAccount page *******************
2020-04-11 02:01:49,320 [main] INFO shop.demoqa.com - ******************* closing browser *******************
2020-04-11 18:16:37,054 [main] INFO shop.demoqa.com - ****** Chrome browser setting up for you *******
2020-04-11 18:16:43,649 [main] INFO shop.demoqa.com - *******************Browser Initialization*******************
2020-04-11 18:16:43,696 [main] INFO shop.demoqa.com - ******************* Launch Browser and Navigate to URL *******************
2020-04-11 18:16:49,825 [main] INFO shop.demoqa.com - ******************* Go to the MyAccount page *******************
2020-04-11 18:16:56,672 [main] INFO shop.demoqa.com - ******************* Entering New User Name *******************
2020-04-11 18:17:00,564 [main] INFO shop.demoqa.com - ******************* Entering New Email ID *******************
2020-04-11 18:17:00,784 [main] INFO shop.demoqa.com - ******************* Entering New Password *******************
2020-04-11 18:17:00,941 [main] INFO shop.demoqa.com - ******************* Click on Register Button *******************
2020-04-11 18:17:01,020 [main] INFO shop.demoqa.com - ******************* Verifying user successfully register *******************
2020-04-11 18:17:01,706 [main] INFO shop.demoqa.com - ******************* closing browser *******************
2020-04-11 18:17:01,746 [main] INFO shop.demoqa.com - ****** Chrome browser setting up for you *******
2020-04-11 18:17:07,144 [main] INFO shop.demoqa.com - *******************Browser Initialization*******************
2020-04-11 18:17:07,165 [main] INFO shop.demoqa.com - ******************* Launch Browser and Navigate to URL *******************
2020-04-11 18:17:11,384 [main] INFO shop.demoqa.com - ******************* Go to the MyAccount page *******************
2020-04-11 18:17:19,987 [main] INFO shop.demoqa.com - ******************* Entering New User Name *******************
2020-04-11 18:17:22,318 [main] INFO shop.demoqa.com - ******************* Entering New Email ID *******************
2020-04-11 18:17:22,533 [main] INFO shop.demoqa.com - ******************* Entering New Password *******************
2020-04-11 18:17:22,681 [main] INFO shop.demoqa.com - ******************* Click on Register Button *******************
2020-04-11 18:17:22,760 [main] INFO shop.demoqa.com - ******************* Verify User Already Registered and getting error message *******************
2020-04-11 18:17:26,858 [main] INFO shop.demoqa.com - ******************* closing browser *******************
2020-04-11 18:17:26,897 [main] INFO shop.demoqa.com - ****** Chrome browser setting up for you *******
2020-04-11 18:17:32,278 [main] INFO shop.demoqa.com - *******************Browser Initialization*******************
2020-04-11 18:17:32,297 [main] INFO shop.demoqa.com - ******************* Launch Browser and Navigate to URL *******************
2020-04-11 18:17:37,653 [main] INFO shop.demoqa.com - ******************* Go to the MyAccount page *******************
2020-04-11 18:17:43,917 [main] INFO shop.demoqa.com - ******************* closing browser *******************
2020-04-11 18:18:26,275 [main] INFO shop.demoqa.com - ****** Chrome browser setting up for you *******
2020-04-11 18:18:32,783 [main] INFO shop.demoqa.com - *******************Browser Initialization*******************
2020-04-11 18:18:32,834 [main] INFO shop.demoqa.com - ******************* Launch Browser and Navigate to URL *******************
2020-04-11 18:18:38,803 [main] INFO shop.demoqa.com - ******************* Go to the MyAccount page *******************
2020-04-11 18:18:49,573 [main] INFO shop.demoqa.com - ******************* closing browser *******************
2020-04-11 23:07:03,945 [main] INFO shop.demoqa.com - ****** Chrome browser setting up for you *******
2020-04-11 23:07:10,463 [main] INFO shop.demoqa.com - *******************Browser Initialization*******************
2020-04-11 23:07:10,535 [main] INFO shop.demoqa.com - ******************* Launch Browser and Navigate to URL *******************
2020-04-11 23:07:16,693 [main] INFO shop.demoqa.com - ******************* Go to the MyAccount page *******************
2020-04-11 23:07:19,863 [main] INFO shop.demoqa.com - ******************* Entering User Name *******************
2020-04-11 23:07:22,851 [main] INFO shop.demoqa.com - ******************* Entering Password *******************
2020-04-11 23:07:22,996 [main] INFO shop.demoqa.com - ******************* Click on Login Button *******************
2020-04-11 23:07:23,089 [main] INFO shop.demoqa.com - ******************* Verifying User unable to login and getting error message *******************
2020-04-11 23:07:27,075 [main] INFO shop.demoqa.com - ******************* closing browser *******************
2020-04-11 23:07:27,114 [main] INFO shop.demoqa.com - ****** Chrome browser setting up for you *******
2020-04-11 23:07:32,470 [main] INFO shop.demoqa.com - *******************Browser Initialization*******************
2020-04-11 23:07:32,486 [main] INFO shop.demoqa.com - ******************* Launch Browser and Navigate to URL *******************
2020-04-11 23:07:37,868 [main] INFO shop.demoqa.com - ******************* Go to the MyAccount page *******************
2020-04-11 23:07:40,794 [main] INFO shop.demoqa.com - ******************* Entering User Name *******************
2020-04-11 23:07:42,520 [main] INFO shop.demoqa.com - ******************* Entering Password *******************
2020-04-11 23:07:42,730 [main] INFO shop.demoqa.com - ******************* Click on Login Button *******************
2020-04-11 23:07:42,810 [main] INFO shop.demoqa.com - ******************* Verifying User unable to login and getting error message *******************
2020-04-11 23:07:44,685 [main] INFO shop.demoqa.com - ******************* closing browser *******************
2020-04-11 23:07:44,712 [main] INFO shop.demoqa.com - ****** Chrome browser setting up for you *******
2020-04-11 23:07:50,056 [main] INFO shop.demoqa.com - *******************Browser Initialization*******************
2020-04-11 23:07:50,072 [main] INFO shop.demoqa.com - ******************* Launch Browser and Navigate to URL *******************
2020-04-11 23:07:55,789 [main] INFO shop.demoqa.com - ******************* Go to the MyAccount page *******************
2020-04-11 23:07:59,285 [main] INFO shop.demoqa.com - ******************* Entering User Name *******************
2020-04-11 23:08:00,934 [main] INFO shop.demoqa.com - ******************* Entering Password *******************
2020-04-11 23:08:01,090 [main] INFO shop.demoqa.com - ******************* Click on Login Button *******************
2020-04-11 23:08:01,173 [main] INFO shop.demoqa.com - ******************* Verifying User unable to login and getting error message *******************
2020-04-11 23:08:03,367 [main] INFO shop.demoqa.com - ******************* closing browser *******************
2020-04-11 23:08:03,393 [main] INFO shop.demoqa.com - ****** Chrome browser setting up for you *******
2020-04-11 23:08:08,775 [main] INFO shop.demoqa.com - *******************Browser Initialization*******************
2020-04-11 23:08:08,795 [main] INFO shop.demoqa.com - ******************* Launch Browser and Navigate to URL *******************
2020-04-11 23:08:14,652 [main] INFO shop.demoqa.com - ******************* Go to the MyAccount page *******************
2020-04-11 23:08:17,934 [main] INFO shop.demoqa.com - ******************* Entering User Name *******************
2020-04-11 23:08:19,930 [main] INFO shop.demoqa.com - ******************* Entering Password *******************
2020-04-11 23:08:20,117 [main] INFO shop.demoqa.com - ******************* Click on Login Button *******************
2020-04-11 23:08:20,208 [main] INFO shop.demoqa.com - ******************* Verifying User unable to login and getting error message *******************
2020-04-11 23:08:21,817 [main] INFO shop.demoqa.com - ******************* closing browser *******************
2020-04-11 23:50:11,225 [main] INFO shop.demoqa.com - ****** Chrome browser setting up for you *******
2020-04-11 23:50:17,800 [main] INFO shop.demoqa.com - *******************Browser Initialization*******************
2020-04-11 23:50:17,860 [main] INFO shop.demoqa.com - ******************* Launch Browser and Navigate to URL *******************
2020-04-11 23:50:23,317 [main] INFO shop.demoqa.com - ******************* Go to the MyAccount page *******************
2020-04-11 23:50:27,103 [main] INFO shop.demoqa.com - ******************* closing browser *******************
2020-04-11 23:57:54,221 [main] INFO shop.demoqa.com - ****** Chrome browser setting up for you *******
2020-04-11 23:58:00,924 [main] INFO shop.demoqa.com - *******************Browser Initialization*******************
2020-04-11 23:58:00,985 [main] INFO shop.demoqa.com - ******************* Launch Browser and Navigate to URL *******************
2020-04-11 23:58:06,869 [main] INFO shop.demoqa.com - ******************* Go to the MyAccount page *******************
2020-04-11 23:58:11,095 [main] INFO shop.demoqa.com - ******************* Entering New User Name *******************
2020-04-11 23:58:13,615 [main] INFO shop.demoqa.com - ******************* Entering New Email ID *******************
2020-04-11 23:58:13,802 [main] INFO shop.demoqa.com - ******************* Entering New Password *******************
2020-04-11 23:58:13,975 [main] INFO shop.demoqa.com - ******************* Entering New User Name *******************
2020-04-11 23:58:14,110 [main] INFO shop.demoqa.com - ******************* Entering New Email ID *******************
2020-04-11 23:58:14,275 [main] INFO shop.demoqa.com - ******************* Entering New Password *******************
2020-04-11 23:58:14,483 [main] INFO shop.demoqa.com - ******************* Entering New User Name *******************
2020-04-11 23:58:14,589 [main] INFO shop.demoqa.com - ******************* Entering New Email ID *******************
2020-04-11 23:58:14,770 [main] INFO shop.demoqa.com - ******************* Entering New Password *******************
2020-04-11 23:58:14,962 [main] INFO shop.demoqa.com - ******************* Click on Register Button *******************
2020-04-11 23:58:15,041 [main] INFO shop.demoqa.com - ******************* Verifying user successfully register *******************
2020-04-11 23:58:15,744 [main] INFO shop.demoqa.com - ******************* closing browser *******************
